scripts/verify-tr8.ts(1,39): error TS2307: Cannot find module './src/actions/ai' or its corresponding type declarations.
scripts/verify-tr8.ts(2,23): error TS2307: Cannot find module './src/lib/db' or its corresponding type declarations.
scripts/verify-tr8.ts(3,20): error TS2307: Cannot find module './src/models/Config' or its corresponding type declarations.
src/actions/finance.ts(99,37): error TS2339: Property 'acquisition' does not exist on type '(FlattenMaps<any> & Required<{ _id: unknown; }> & { __v: number; })[] | (FlattenMaps<any> & Required<{ _id: unknown; }> & { __v: number; })'.
  Property 'acquisition' does not exist on type '(FlattenMaps<any> & Required<{ _id: unknown; }> & { __v: number; })[]'.
src/actions/finance.ts(100,37): error TS2339: Property 'acquisition' does not exist on type '(FlattenMaps<any> & Required<{ _id: unknown; }> & { __v: number; })[] | (FlattenMaps<any> & Required<{ _id: unknown; }> & { __v: number; })'.
  Property 'acquisition' does not exist on type '(FlattenMaps<any> & Required<{ _id: unknown; }> & { __v: number; })[]'.
src/actions/finance.ts(100,81): error TS2339: Property 'acquisition' does not exist on type '(FlattenMaps<any> & Required<{ _id: unknown; }> & { __v: number; })[] | (FlattenMaps<any> & Required<{ _id: unknown; }> & { __v: number; })'.
  Property 'acquisition' does not exist on type '(FlattenMaps<any> & Required<{ _id: unknown; }> & { __v: number; })[]'.
src/actions/finance.ts(106,45): error TS2339: Property 'acquisition' does not exist on type '(FlattenMaps<any> & Required<{ _id: unknown; }> & { __v: number; })[] | (FlattenMaps<any> & Required<{ _id: unknown; }> & { __v: number; })'.
  Property 'acquisition' does not exist on type '(FlattenMaps<any> & Required<{ _id: unknown; }> & { __v: number; })[]'.
src/actions/instrument.ts(128,13): error TS1117: An object literal cannot have multiple properties with the same name.
src/actions/profile.ts(15,18): error TS2339: Property 'isBanned' does not exist on type '(FlattenMaps<any> & Required<{ _id: unknown; }> & { __v: number; })[] | (FlattenMaps<any> & Required<{ _id: unknown; }> & { __v: number; })'.
  Property 'isBanned' does not exist on type '(FlattenMaps<any> & Required<{ _id: unknown; }> & { __v: number; })[]'.
src/actions/public.ts(33,28): error TS2339: Property 'name' does not exist on type '(FlattenMaps<any> & Required<{ _id: unknown; }> & { __v: number; })[] | (FlattenMaps<any> & Required<{ _id: unknown; }> & { __v: number; })'.
  Property 'name' does not exist on type '(FlattenMaps<any> & Required<{ _id: unknown; }> & { __v: number; })[]'.
src/actions/public.ts(34,29): error TS2339: Property 'image' does not exist on type '(FlattenMaps<any> & Required<{ _id: unknown; }> & { __v: number; })[] | (FlattenMaps<any> & Required<{ _id: unknown; }> & { __v: number; })'.
  Property 'image' does not exist on type '(FlattenMaps<any> & Required<{ _id: unknown; }> & { __v: number; })[]'.
src/app/admin/page.tsx(11,29): error TS2339: Property 'success' does not exist on type '{ users: number; instruments: number; reports: number; }'.
src/app/admin/page.tsx(11,49): error TS2339: Property 'data' does not exist on type '{ users: number; instruments: number; reports: number; }'.
src/app/admin/page.tsx(12,29): error TS2339: Property 'success' does not exist on type 'never[]'.
src/app/admin/page.tsx(12,49): error TS2339: Property 'data' does not exist on type 'never[]'.
src/app/api/cron/update-prices/route.ts(5,10): error TS2614: Module '"@/models/Instrument"' has no exported member 'Instrument'. Did you mean to use 'import Instrument from "@/models/Instrument"' instead?
src/app/dashboard/admin/page.tsx(25,22): error TS2345: Argument of type '(prev: { total: number; admins: number; banned: number; }) => { total: number | undefined; admins: number; banned: number; }' is not assignable to parameter of type 'SetStateAction<{ total: number; admins: number; banned: number; }>'.
  Type '(prev: { total: number; admins: number; banned: number; }) => { total: number | undefined; admins: number; banned: number; }' is not assignable to type '(prevState: { total: number; admins: number; banned: number; }) => { total: number; admins: number; banned: number; }'.
    Call signature return types '{ total: number | undefined; admins: number; banned: number; }' and '{ total: number; admins: number; banned: number; }' are incompatible.
      The types of 'total' are incompatible between these types.
        Type 'number | undefined' is not assignable to type 'number'.
          Type 'undefined' is not assignable to type 'number'.
src/app/dashboard/admin/settings/page.tsx(28,14): error TS2741: Property 'initialProxy' is missing in type '{ initialPrompt: any; initialModel: any; }' but required in type 'AdminSettingsFormProps'.
src/app/profile/[id]/page.tsx(7,28): error TS2307: Cannot find module '@/types/instrument' or its corresponding type declarations.
src/components/AddToCollectionButton.tsx(16,13): error TS17001: JSX elements cannot have multiple attributes with the same name.
src/components/admin/AdminDashboardClient.tsx(4,10): error TS2305: Module '"@/actions/admin"' has no exported member 'manageReport'.
src/components/admin/AdminDashboardClient.tsx(4,24): error TS2305: Module '"@/actions/admin"' has no exported member 'punishUser'.
src/components/admin/AdminDashboardClient.tsx(85,37): error TS2322: Type '{ children: Element; size: string; variant: "secondary"; onClick: () => Promise<void>; disabled: boolean; title: string; }' is not assignable to type 'IntrinsicAttributes & ButtonProps'.
  Property 'size' does not exist on type 'IntrinsicAttributes & ButtonProps'.
src/components/admin/AdminDashboardClient.tsx(95,37): error TS2322: Type '"destructive"' is not assignable to type '"primary" | "secondary" | "outline" | "ghost" | undefined'.
src/components/admin/AdminDashboardClient.tsx(108,37): error TS2322: Type '{ children: Element; size: string; className: string; onClick: () => Promise<void>; disabled: any; title: string; }' is not assignable to type 'IntrinsicAttributes & ButtonProps'.
  Property 'size' does not exist on type 'IntrinsicAttributes & ButtonProps'.
src/components/admin/AdminDashboardClient.tsx(117,37): error TS2322: Type '{ children: Element; size: string; className: string; onClick: () => Promise<void>; disabled: any; title: string; }' is not assignable to type 'IntrinsicAttributes & ButtonProps'.
  Property 'size' does not exist on type 'IntrinsicAttributes & ButtonProps'.
src/components/admin/UserTable.tsx(5,10): error TS2614: Module '"@/components/UserAvatar"' has no exported member 'UserAvatar'. Did you mean to use 'import UserAvatar from "@/components/UserAvatar"' instead?
src/components/AdminSettingsForm.tsx(5,30): error TS2305: Module '"@/actions/admin"' has no exported member 'getDefaultConfig'.
src/components/BulkImporter.tsx(276,49): error TS2322: Type '"danger"' is not assignable to type '"primary" | "secondary" | "outline" | "ghost" | undefined'.
src/components/comments/CommentItem.tsx(79,59): error TS2345: Argument of type '"hidden" | "visible"' is not assignable to parameter of type '"visible" | "hide" | "delete"'.
  Type '"hidden"' is not assignable to type '"visible" | "hide" | "delete"'. Did you mean '"hide"'?
src/components/comments/CommentItem.tsx(109,30): error TS2304: Cannot find name 'Link'.
src/components/comments/CommentItem.tsx(111,31): error TS2304: Cannot find name 'Link'.
src/components/dashboard/DashboardLayout.tsx(11,35): error TS2307: Cannot find module '@/actions/pdf' or its corresponding type declarations.
src/components/EditCollectionItemForm.tsx(20,13): error TS17001: JSX elements cannot have multiple attributes with the same name.
src/components/ExportButtons.tsx(42,17): error TS2339: Property 'getExportData' does not exist on type 'typeof import("D:/desarrollos/aBDInst/instrument-collector/src/actions/export")'.
src/components/finance/InsuranceManager.tsx(61,25): error TS2322: Type '{ children: string; size: string; variant: "secondary"; icon: ForwardRefExoticComponent<Omit<LucideProps, "ref"> & RefAttributes<SVGSVGElement>>; onClick: () => void; }' is not assignable to type 'IntrinsicAttributes & ButtonProps'.
  Property 'size' does not exist on type 'IntrinsicAttributes & ButtonProps'.
src/components/InstrumentForm.tsx(468,41): error TS17001: JSX elements cannot have multiple attributes with the same name.
src/components/LoginForm.tsx(62,25): error TS2322: Type '{ label: string; name: string; type: "email"; placeholder: string; icon: ForwardRefExoticComponent<Omit<LucideProps, "ref"> & RefAttributes<SVGSVGElement>>; required: true; }' is not assignable to type 'IntrinsicAttributes & InputProps & RefAttributes<HTMLInputElement>'.
  Property 'label' does not exist on type 'IntrinsicAttributes & InputProps & RefAttributes<HTMLInputElement>'.
src/components/LoginForm.tsx(70,25): error TS2322: Type '{ label: string; name: string; type: "password"; placeholder: string; icon: ForwardRefExoticComponent<Omit<LucideProps, "ref"> & RefAttributes<SVGSVGElement>>; required: true; }' is not assignable to type 'IntrinsicAttributes & InputProps & RefAttributes<HTMLInputElement>'.
  Property 'label' does not exist on type 'IntrinsicAttributes & InputProps & RefAttributes<HTMLInputElement>'.
src/components/MaintenanceModal.tsx(54,32): error TS2322: Type '{ label: string; name: string; type: "date"; icon: ForwardRefExoticComponent<Omit<LucideProps, "ref"> & RefAttributes<SVGSVGElement>>; required: true; defaultValue: string; }' is not assignable to type 'IntrinsicAttributes & InputProps & RefAttributes<HTMLInputElement>'.
  Property 'label' does not exist on type 'IntrinsicAttributes & InputProps & RefAttributes<HTMLInputElement>'.
src/components/MaintenanceModal.tsx(66,32): error TS2322: Type '{ label: string; name: string; placeholder: string; icon: ForwardRefExoticComponent<Omit<LucideProps, "ref"> & RefAttributes<SVGSVGElement>>; }' is not assignable to type 'IntrinsicAttributes & InputProps & RefAttributes<HTMLInputElement>'.
  Property 'label' does not exist on type 'IntrinsicAttributes & InputProps & RefAttributes<HTMLInputElement>'.
src/components/MaintenanceModal.tsx(67,32): error TS2322: Type '{ label: string; name: string; type: "number"; step: string; placeholder: string; icon: ForwardRefExoticComponent<Omit<LucideProps, "ref"> & RefAttributes<SVGSVGElement>>; }' is not assignable to type 'IntrinsicAttributes & InputProps & RefAttributes<HTMLInputElement>'.
  Property 'label' does not exist on type 'IntrinsicAttributes & InputProps & RefAttributes<HTMLInputElement>'.
src/components/RegisterForm.tsx(54,25): error TS2322: Type '{ label: string; name: string; type: "text"; placeholder: string; icon: ForwardRefExoticComponent<Omit<LucideProps, "ref"> & RefAttributes<SVGSVGElement>>; required: true; }' is not assignable to type 'IntrinsicAttributes & InputProps & RefAttributes<HTMLInputElement>'.
  Property 'label' does not exist on type 'IntrinsicAttributes & InputProps & RefAttributes<HTMLInputElement>'.
src/components/RegisterForm.tsx(62,25): error TS2322: Type '{ label: string; name: string; type: "email"; placeholder: string; icon: ForwardRefExoticComponent<Omit<LucideProps, "ref"> & RefAttributes<SVGSVGElement>>; required: true; }' is not assignable to type 'IntrinsicAttributes & InputProps & RefAttributes<HTMLInputElement>'.
  Property 'label' does not exist on type 'IntrinsicAttributes & InputProps & RefAttributes<HTMLInputElement>'.
src/components/RegisterForm.tsx(70,25): error TS2322: Type '{ label: string; name: string; type: "password"; placeholder: string; icon: ForwardRefExoticComponent<Omit<LucideProps, "ref"> & RefAttributes<SVGSVGElement>>; required: true; }' is not assignable to type 'IntrinsicAttributes & InputProps & RefAttributes<HTMLInputElement>'.
  Property 'label' does not exist on type 'IntrinsicAttributes & InputProps & RefAttributes<HTMLInputElement>'.
src/components/RegisterForm.tsx(78,25): error TS2322: Type '{ label: string; name: string; type: "password"; placeholder: string; icon: ForwardRefExoticComponent<Omit<LucideProps, "ref"> & RefAttributes<SVGSVGElement>>; required: true; }' is not assignable to type 'IntrinsicAttributes & InputProps & RefAttributes<HTMLInputElement>'.
  Property 'label' does not exist on type 'IntrinsicAttributes & InputProps & RefAttributes<HTMLInputElement>'.
src/components/resources/ResourceUploader.tsx(96,35): error TS2304: Cannot find name 'Play'.
src/components/Search.tsx(34,31): error TS18047: 'searchParams' is possibly 'null'.
src/components/SettingsModal.tsx(88,41): error TS2339: Property 'getExportData' does not exist on type 'typeof import("D:/desarrollos/aBDInst/instrument-collector/src/actions/export")'.
src/components/storage/TeraboxSetup.tsx(92,29): error TS2322: Type '{ label: string; name: string; type: "text"; placeholder: string; value: string; onChange: (e: ChangeEvent<HTMLInputElement>) => void; required: true; }' is not assignable to type 'IntrinsicAttributes & InputProps & RefAttributes<HTMLInputElement>'.
  Property 'label' does not exist on type 'IntrinsicAttributes & InputProps & RefAttributes<HTMLInputElement>'.
src/components/storage/TeraboxSetup.tsx(102,29): error TS2322: Type '{ label: string; name: string; type: "password"; placeholder: string; value: string; onChange: (e: ChangeEvent<HTMLInputElement>) => void; required: true; }' is not assignable to type 'IntrinsicAttributes & InputProps & RefAttributes<HTMLInputElement>'.
  Property 'label' does not exist on type 'IntrinsicAttributes & InputProps & RefAttributes<HTMLInputElement>'.
src/components/ui/TagInput.tsx(100,21): error TS17001: JSX elements cannot have multiple attributes with the same name.
src/components/UserSettingsForm.tsx(8,10): error TS2305: Module '"@/actions/export"' has no exported member 'getExportData'.
src/components/UserSettingsForm.tsx(204,33): error TS2322: Type '{ children: string; variant: "secondary"; size: string; onClick: () => void | undefined; disabled: boolean; icon: ForwardRefExoticComponent<Omit<LucideProps, "ref"> & RefAttributes<SVGSVGElement>>; }' is not assignable to type 'IntrinsicAttributes & ButtonProps'.
  Property 'size' does not exist on type 'IntrinsicAttributes & ButtonProps'.
src/components/UserSettingsForm.tsx(214,37): error TS2322: Type '"danger"' is not assignable to type '"primary" | "secondary" | "outline" | "ghost" | undefined'.
src/components/valuation/InstrumentValueChart.tsx(123,25): error TS2322: Type '(value: number) => [string, ""]' is not assignable to type 'Formatter<number, "">'.
  Types of parameters 'value' and 'value' are incompatible.
    Type 'number | undefined' is not assignable to type 'number'.
      Type 'undefined' is not assignable to type 'number'.
src/components/valuation/ValuationModal.tsx(6,23): error TS1149: File name 'D:/desarrollos/aBDInst/instrument-collector/src/components/ui/input.tsx' differs from already included file name 'D:/desarrollos/aBDInst/instrument-collector/src/components/ui/Input.tsx' only in casing.
  The file is in the program because:
    Imported via '@/components/ui/Input' from file 'D:/desarrollos/aBDInst/instrument-collector/src/components/scraping/AlertsManager.tsx'
    Imported via './ui/Input' from file 'D:/desarrollos/aBDInst/instrument-collector/src/components/MaintenanceModal.tsx'
    Imported via '@/components/ui/Input' from file 'D:/desarrollos/aBDInst/instrument-collector/src/components/storage/GoogleDriveSetup.tsx'
    Imported via '@/components/ui/Input' from file 'D:/desarrollos/aBDInst/instrument-collector/src/components/storage/DropboxSetup.tsx'
    Imported via '@/components/ui/Input' from file 'D:/desarrollos/aBDInst/instrument-collector/src/components/storage/TeraboxSetup.tsx'
    Imported via '@/components/ui/input' from file 'D:/desarrollos/aBDInst/instrument-collector/src/components/valuation/ValuationModal.tsx'
    Imported via "./ui/Input" from file 'D:/desarrollos/aBDInst/instrument-collector/src/components/LoginForm.tsx'
    Imported via "./ui/Input" from file 'D:/desarrollos/aBDInst/instrument-collector/src/components/RegisterForm.tsx'
    Matched by include pattern '**/*.tsx' in 'D:/desarrollos/aBDInst/instrument-collector/tsconfig.json'
src/components/valuation/ValuationModal.tsx(52,17): error TS18048: 'result' is possibly 'undefined'.
src/components/valuation/ValuationModal.tsx(56,29): error TS18048: 'result' is possibly 'undefined'.
src/components/VirtualizedInstrumentGrid.tsx(3,10): error TS2305: Module '"react-window"' has no exported member 'FixedSizeGrid'.
src/components/VirtualizedInstrumentGrid.tsx(4,8): error TS2613: Module '"D:/desarrollos/aBDInst/instrument-collector/node_modules/react-virtualized-auto-sizer/dist/react-virtualized-auto-sizer"' has no default export. Did you mean to use 'import { AutoSizer } from "D:/desarrollos/aBDInst/instrument-collector/node_modules/react-virtualized-auto-sizer/dist/react-virtualized-auto-sizer"' instead?
src/scripts/add-crave.ts(63,45): error TS2339: Property 'CONTROLS' does not exist on type '{ readonly BASIC: "Informaci├│n B├ísica"; readonly WEBSITE: "Sitio Web Oficial"; readonly ARCH_VOICE: "Arquitectura y Voces"; readonly OSC: "Secci├│n de Osciladores"; readonly PERCUSSION: "Secci├│n de Percusi├│n / Voces"; ... 10 more ...; readonly TECH_SPECS: "Especificaciones T├®cnicas"; }'.
src/scripts/add-crave.ts(64,45): error TS2339: Property 'CONTROLS' does not exist on type '{ readonly BASIC: "Informaci├│n B├ísica"; readonly WEBSITE: "Sitio Web Oficial"; readonly ARCH_VOICE: "Arquitectura y Voces"; readonly OSC: "Secci├│n de Osciladores"; readonly PERCUSSION: "Secci├│n de Percusi├│n / Voces"; ... 10 more ...; readonly TECH_SPECS: "Especificaciones T├®cnicas"; }'.
src/scripts/add-crave.ts(65,45): error TS2339: Property 'CONTROLS' does not exist on type '{ readonly BASIC: "Informaci├│n B├ísica"; readonly WEBSITE: "Sitio Web Oficial"; readonly ARCH_VOICE: "Arquitectura y Voces"; readonly OSC: "Secci├│n de Osciladores"; readonly PERCUSSION: "Secci├│n de Percusi├│n / Voces"; ... 10 more ...; readonly TECH_SPECS: "Especificaciones T├®cnicas"; }'.
src/scripts/add-crave.ts(72,45): error TS2339: Property 'CONTROLS' does not exist on type '{ readonly BASIC: "Informaci├│n B├ísica"; readonly WEBSITE: "Sitio Web Oficial"; readonly ARCH_VOICE: "Arquitectura y Voces"; readonly OSC: "Secci├│n de Osciladores"; readonly PERCUSSION: "Secci├│n de Percusi├│n / Voces"; ... 10 more ...; readonly TECH_SPECS: "Especificaciones T├®cnicas"; }'.
src/scripts/add-deepmind12d.ts(70,45): error TS2339: Property 'CONTROLS' does not exist on type '{ readonly BASIC: "Informaci├│n B├ísica"; readonly WEBSITE: "Sitio Web Oficial"; readonly ARCH_VOICE: "Arquitectura y Voces"; readonly OSC: "Secci├│n de Osciladores"; readonly PERCUSSION: "Secci├│n de Percusi├│n / Voces"; ... 10 more ...; readonly TECH_SPECS: "Especificaciones T├®cnicas"; }'.
src/scripts/add-deepmind12d.ts(71,45): error TS2339: Property 'CONTROLS' does not exist on type '{ readonly BASIC: "Informaci├│n B├ísica"; readonly WEBSITE: "Sitio Web Oficial"; readonly ARCH_VOICE: "Arquitectura y Voces"; readonly OSC: "Secci├│n de Osciladores"; readonly PERCUSSION: "Secci├│n de Percusi├│n / Voces"; ... 10 more ...; readonly TECH_SPECS: "Especificaciones T├®cnicas"; }'.
src/scripts/add-deepmind12d.ts(74,45): error TS2339: Property 'CONTROLS' does not exist on type '{ readonly BASIC: "Informaci├│n B├ísica"; readonly WEBSITE: "Sitio Web Oficial"; readonly ARCH_VOICE: "Arquitectura y Voces"; readonly OSC: "Secci├│n de Osciladores"; readonly PERCUSSION: "Secci├│n de Percusi├│n / Voces"; ... 10 more ...; readonly TECH_SPECS: "Especificaciones T├®cnicas"; }'.
src/scripts/add-deepmind12d.ts(75,45): error TS2339: Property 'CONTROLS' does not exist on type '{ readonly BASIC: "Informaci├│n B├ísica"; readonly WEBSITE: "Sitio Web Oficial"; readonly ARCH_VOICE: "Arquitectura y Voces"; readonly OSC: "Secci├│n de Osciladores"; readonly PERCUSSION: "Secci├│n de Percusi├│n / Voces"; ... 10 more ...; readonly TECH_SPECS: "Especificaciones T├®cnicas"; }'.
src/scripts/add-deepmind12d.ts(76,45): error TS2339: Property 'CONTROLS' does not exist on type '{ readonly BASIC: "Informaci├│n B├ísica"; readonly WEBSITE: "Sitio Web Oficial"; readonly ARCH_VOICE: "Arquitectura y Voces"; readonly OSC: "Secci├│n de Osciladores"; readonly PERCUSSION: "Secci├│n de Percusi├│n / Voces"; ... 10 more ...; readonly TECH_SPECS: "Especificaciones T├®cnicas"; }'.
src/scripts/add-deepmind12d.ts(77,45): error TS2339: Property 'CONTROLS' does not exist on type '{ readonly BASIC: "Informaci├│n B├ísica"; readonly WEBSITE: "Sitio Web Oficial"; readonly ARCH_VOICE: "Arquitectura y Voces"; readonly OSC: "Secci├│n de Osciladores"; readonly PERCUSSION: "Secci├│n de Percusi├│n / Voces"; ... 10 more ...; readonly TECH_SPECS: "Especificaciones T├®cnicas"; }'.
src/scripts/add-deepmind12d.ts(80,45): error TS2339: Property 'CONTROLS' does not exist on type '{ readonly BASIC: "Informaci├│n B├ísica"; readonly WEBSITE: "Sitio Web Oficial"; readonly ARCH_VOICE: "Arquitectura y Voces"; readonly OSC: "Secci├│n de Osciladores"; readonly PERCUSSION: "Secci├│n de Percusi├│n / Voces"; ... 10 more ...; readonly TECH_SPECS: "Especificaciones T├®cnicas"; }'.
src/scripts/add-pro1.ts(71,45): error TS2339: Property 'CONTROLS' does not exist on type '{ readonly BASIC: "Informaci├│n B├ísica"; readonly WEBSITE: "Sitio Web Oficial"; readonly ARCH_VOICE: "Arquitectura y Voces"; readonly OSC: "Secci├│n de Osciladores"; readonly PERCUSSION: "Secci├│n de Percusi├│n / Voces"; ... 10 more ...; readonly TECH_SPECS: "Especificaciones T├®cnicas"; }'.
src/scripts/add-pro1.ts(72,45): error TS2339: Property 'CONTROLS' does not exist on type '{ readonly BASIC: "Informaci├│n B├ísica"; readonly WEBSITE: "Sitio Web Oficial"; readonly ARCH_VOICE: "Arquitectura y Voces"; readonly OSC: "Secci├│n de Osciladores"; readonly PERCUSSION: "Secci├│n de Percusi├│n / Voces"; ... 10 more ...; readonly TECH_SPECS: "Especificaciones T├®cnicas"; }'.
src/scripts/add-pro1.ts(79,45): error TS2339: Property 'CONTROLS' does not exist on type '{ readonly BASIC: "Informaci├│n B├ísica"; readonly WEBSITE: "Sitio Web Oficial"; readonly ARCH_VOICE: "Arquitectura y Voces"; readonly OSC: "Secci├│n de Osciladores"; readonly PERCUSSION: "Secci├│n de Percusi├│n / Voces"; ... 10 more ...; readonly TECH_SPECS: "Especificaciones T├®cnicas"; }'.
src/scripts/add-pro800.ts(68,45): error TS2339: Property 'CONTROLS' does not exist on type '{ readonly BASIC: "Informaci├│n B├ísica"; readonly WEBSITE: "Sitio Web Oficial"; readonly ARCH_VOICE: "Arquitectura y Voces"; readonly OSC: "Secci├│n de Osciladores"; readonly PERCUSSION: "Secci├│n de Percusi├│n / Voces"; ... 10 more ...; readonly TECH_SPECS: "Especificaciones T├®cnicas"; }'.
src/scripts/add-pro800.ts(69,45): error TS2339: Property 'CONTROLS' does not exist on type '{ readonly BASIC: "Informaci├│n B├ísica"; readonly WEBSITE: "Sitio Web Oficial"; readonly ARCH_VOICE: "Arquitectura y Voces"; readonly OSC: "Secci├│n de Osciladores"; readonly PERCUSSION: "Secci├│n de Percusi├│n / Voces"; ... 10 more ...; readonly TECH_SPECS: "Especificaciones T├®cnicas"; }'.
src/scripts/add-pro800.ts(70,45): error TS2339: Property 'CONTROLS' does not exist on type '{ readonly BASIC: "Informaci├│n B├ísica"; readonly WEBSITE: "Sitio Web Oficial"; readonly ARCH_VOICE: "Arquitectura y Voces"; readonly OSC: "Secci├│n de Osciladores"; readonly PERCUSSION: "Secci├│n de Percusi├│n / Voces"; ... 10 more ...; readonly TECH_SPECS: "Especificaciones T├®cnicas"; }'.
src/scripts/add-pro800.ts(71,45): error TS2339: Property 'CONTROLS' does not exist on type '{ readonly BASIC: "Informaci├│n B├ísica"; readonly WEBSITE: "Sitio Web Oficial"; readonly ARCH_VOICE: "Arquitectura y Voces"; readonly OSC: "Secci├│n de Osciladores"; readonly PERCUSSION: "Secci├│n de Percusi├│n / Voces"; ... 10 more ...; readonly TECH_SPECS: "Especificaciones T├®cnicas"; }'.
src/scripts/add-pro800.ts(74,45): error TS2339: Property 'CONTROLS' does not exist on type '{ readonly BASIC: "Informaci├│n B├ísica"; readonly WEBSITE: "Sitio Web Oficial"; readonly ARCH_VOICE: "Arquitectura y Voces"; readonly OSC: "Secci├│n de Osciladores"; readonly PERCUSSION: "Secci├│n de Percusi├│n / Voces"; ... 10 more ...; readonly TECH_SPECS: "Especificaciones T├®cnicas"; }'.
src/scripts/add-pro800.ts(75,45): error TS2339: Property 'CONTROLS' does not exist on type '{ readonly BASIC: "Informaci├│n B├ísica"; readonly WEBSITE: "Sitio Web Oficial"; readonly ARCH_VOICE: "Arquitectura y Voces"; readonly OSC: "Secci├│n de Osciladores"; readonly PERCUSSION: "Secci├│n de Percusi├│n / Voces"; ... 10 more ...; readonly TECH_SPECS: "Especificaciones T├®cnicas"; }'.
src/scripts/add-pro800.ts(76,45): error TS2339: Property 'CONTROLS' does not exist on type '{ readonly BASIC: "Informaci├│n B├ísica"; readonly WEBSITE: "Sitio Web Oficial"; readonly ARCH_VOICE: "Arquitectura y Voces"; readonly OSC: "Secci├│n de Osciladores"; readonly PERCUSSION: "Secci├│n de Percusi├│n / Voces"; ... 10 more ...; readonly TECH_SPECS: "Especificaciones T├®cnicas"; }'.
src/scripts/add-pro800.ts(79,45): error TS2339: Property 'CONTROLS' does not exist on type '{ readonly BASIC: "Informaci├│n B├ísica"; readonly WEBSITE: "Sitio Web Oficial"; readonly ARCH_VOICE: "Arquitectura y Voces"; readonly OSC: "Secci├│n de Osciladores"; readonly PERCUSSION: "Secci├│n de Percusi├│n / Voces"; ... 10 more ...; readonly TECH_SPECS: "Especificaciones T├®cnicas"; }'.
src/scripts/add-pro800.ts(80,45): error TS2339: Property 'CONTROLS' does not exist on type '{ readonly BASIC: "Informaci├│n B├ísica"; readonly WEBSITE: "Sitio Web Oficial"; readonly ARCH_VOICE: "Arquitectura y Voces"; readonly OSC: "Secci├│n de Osciladores"; readonly PERCUSSION: "Secci├│n de Percusi├│n / Voces"; ... 10 more ...; readonly TECH_SPECS: "Especificaciones T├®cnicas"; }'.
src/scripts/add-pro800.ts(81,45): error TS2339: Property 'CONTROLS' does not exist on type '{ readonly BASIC: "Informaci├│n B├ísica"; readonly WEBSITE: "Sitio Web Oficial"; readonly ARCH_VOICE: "Arquitectura y Voces"; readonly OSC: "Secci├│n de Osciladores"; readonly PERCUSSION: "Secci├│n de Percusi├│n / Voces"; ... 10 more ...; readonly TECH_SPECS: "Especificaciones T├®cnicas"; }'.
src/scripts/add-pro800.ts(92,45): error TS2339: Property 'CONTROLS' does not exist on type '{ readonly BASIC: "Informaci├│n B├ísica"; readonly WEBSITE: "Sitio Web Oficial"; readonly ARCH_VOICE: "Arquitectura y Voces"; readonly OSC: "Secci├│n de Osciladores"; readonly PERCUSSION: "Secci├│n de Percusi├│n / Voces"; ... 10 more ...; readonly TECH_SPECS: "Especificaciones T├®cnicas"; }'.
src/scripts/add-pro800.ts(93,45): error TS2339: Property 'CONTROLS' does not exist on type '{ readonly BASIC: "Informaci├│n B├ísica"; readonly WEBSITE: "Sitio Web Oficial"; readonly ARCH_VOICE: "Arquitectura y Voces"; readonly OSC: "Secci├│n de Osciladores"; readonly PERCUSSION: "Secci├│n de Percusi├│n / Voces"; ... 10 more ...; readonly TECH_SPECS: "Especificaciones T├®cnicas"; }'.
src/scripts/add-td3mo.ts(62,45): error TS2339: Property 'CONTROLS' does not exist on type '{ readonly BASIC: "Informaci├│n B├ísica"; readonly WEBSITE: "Sitio Web Oficial"; readonly ARCH_VOICE: "Arquitectura y Voces"; readonly OSC: "Secci├│n de Osciladores"; readonly PERCUSSION: "Secci├│n de Percusi├│n / Voces"; ... 10 more ...; readonly TECH_SPECS: "Especificaciones T├®cnicas"; }'.
src/scripts/add-td3mo.ts(63,45): error TS2339: Property 'CONTROLS' does not exist on type '{ readonly BASIC: "Informaci├│n B├ísica"; readonly WEBSITE: "Sitio Web Oficial"; readonly ARCH_VOICE: "Arquitectura y Voces"; readonly OSC: "Secci├│n de Osciladores"; readonly PERCUSSION: "Secci├│n de Percusi├│n / Voces"; ... 10 more ...; readonly TECH_SPECS: "Especificaciones T├®cnicas"; }'.
src/scripts/add-td3mo.ts(66,45): error TS2339: Property 'CONTROLS' does not exist on type '{ readonly BASIC: "Informaci├│n B├ísica"; readonly WEBSITE: "Sitio Web Oficial"; readonly ARCH_VOICE: "Arquitectura y Voces"; readonly OSC: "Secci├│n de Osciladores"; readonly PERCUSSION: "Secci├│n de Percusi├│n / Voces"; ... 10 more ...; readonly TECH_SPECS: "Especificaciones T├®cnicas"; }'.
src/scripts/add-td3mo.ts(67,45): error TS2339: Property 'CONTROLS' does not exist on type '{ readonly BASIC: "Informaci├│n B├ísica"; readonly WEBSITE: "Sitio Web Oficial"; readonly ARCH_VOICE: "Arquitectura y Voces"; readonly OSC: "Secci├│n de Osciladores"; readonly PERCUSSION: "Secci├│n de Percusi├│n / Voces"; ... 10 more ...; readonly TECH_SPECS: "Especificaciones T├®cnicas"; }'.
src/scripts/add-td3mo.ts(68,45): error TS2339: Property 'CONTROLS' does not exist on type '{ readonly BASIC: "Informaci├│n B├ísica"; readonly WEBSITE: "Sitio Web Oficial"; readonly ARCH_VOICE: "Arquitectura y Voces"; readonly OSC: "Secci├│n de Osciladores"; readonly PERCUSSION: "Secci├│n de Percusi├│n / Voces"; ... 10 more ...; readonly TECH_SPECS: "Especificaciones T├®cnicas"; }'.
src/scripts/add-td3mo.ts(75,45): error TS2339: Property 'CONTROLS' does not exist on type '{ readonly BASIC: "Informaci├│n B├ísica"; readonly WEBSITE: "Sitio Web Oficial"; readonly ARCH_VOICE: "Arquitectura y Voces"; readonly OSC: "Secci├│n de Osciladores"; readonly PERCUSSION: "Secci├│n de Percusi├│n / Voces"; ... 10 more ...; readonly TECH_SPECS: "Especificaciones T├®cnicas"; }'.
src/scripts/seed-batches.ts(142,9): error TS1117: An object literal cannot have multiple properties with the same name.
