src/actions/instrument.ts(128,13): error TS1117: An object literal cannot have multiple properties with the same name.
src/actions/profile.ts(15,18): error TS2339: Property 'isBanned' does not exist on type '(FlattenMaps<any> & Required<{ _id: unknown; }> & { __v: number; })[] | (FlattenMaps<any> & Required<{ _id: unknown; }> & { __v: number; })'.
  Property 'isBanned' does not exist on type '(FlattenMaps<any> & Required<{ _id: unknown; }> & { __v: number; })[]'.
src/actions/public.ts(33,28): error TS2339: Property 'name' does not exist on type '(FlattenMaps<any> & Required<{ _id: unknown; }> & { __v: number; })[] | (FlattenMaps<any> & Required<{ _id: unknown; }> & { __v: number; })'.
  Property 'name' does not exist on type '(FlattenMaps<any> & Required<{ _id: unknown; }> & { __v: number; })[]'.
src/actions/public.ts(34,29): error TS2339: Property 'image' does not exist on type '(FlattenMaps<any> & Required<{ _id: unknown; }> & { __v: number; })[] | (FlattenMaps<any> & Required<{ _id: unknown; }> & { __v: number; })'.
  Property 'image' does not exist on type '(FlattenMaps<any> & Required<{ _id: unknown; }> & { __v: number; })[]'.
src/app/admin/page.tsx(11,29): error TS2339: Property 'success' does not exist on type '{ users: number; instruments: number; reports: number; }'.
src/app/admin/page.tsx(11,49): error TS2339: Property 'data' does not exist on type '{ users: number; instruments: number; reports: number; }'.
src/app/admin/page.tsx(12,29): error TS2339: Property 'success' does not exist on type 'never[]'.
src/app/admin/page.tsx(12,49): error TS2339: Property 'data' does not exist on type 'never[]'.
src/app/dashboard/admin/page.tsx(25,22): error TS2345: Argument of type '(prev: { total: number; admins: number; banned: number; }) => { total: number | undefined; admins: number; banned: number; }' is not assignable to parameter of type 'SetStateAction<{ total: number; admins: number; banned: number; }>'.
  Type '(prev: { total: number; admins: number; banned: number; }) => { total: number | undefined; admins: number; banned: number; }' is not assignable to type '(prevState: { total: number; admins: number; banned: number; }) => { total: number; admins: number; banned: number; }'.
    Call signature return types '{ total: number | undefined; admins: number; banned: number; }' and '{ total: number; admins: number; banned: number; }' are incompatible.
      The types of 'total' are incompatible between these types.
        Type 'number | undefined' is not assignable to type 'number'.
          Type 'undefined' is not assignable to type 'number'.
src/app/dashboard/admin/settings/page.tsx(28,14): error TS2741: Property 'initialProxy' is missing in type '{ initialPrompt: any; initialModel: any; }' but required in type 'AdminSettingsFormProps'.
src/app/profile/[id]/page.tsx(7,28): error TS2307: Cannot find module '@/types/instrument' or its corresponding type declarations.
src/components/AdminSettingsForm.tsx(5,30): error TS2305: Module '"@/actions/admin"' has no exported member 'getDefaultConfig'.
src/components/comments/CommentItem.tsx(80,59): error TS2345: Argument of type '"hidden" | "visible"' is not assignable to parameter of type '"hide" | "delete" | "visible"'.
  Type '"hidden"' is not assignable to type '"hide" | "delete" | "visible"'. Did you mean '"hide"'?
src/components/dashboard/DashboardLayout.tsx(11,35): error TS2307: Cannot find module '@/actions/pdf' or its corresponding type declarations.
src/components/Search.tsx(34,31): error TS18047: 'searchParams' is possibly 'null'.
src/components/valuation/ValuationModal.tsx(6,23): error TS1149: File name 'D:/desarrollos/aBDInst/instrument-collector/src/components/ui/input.tsx' differs from already included file name 'D:/desarrollos/aBDInst/instrument-collector/src/components/ui/Input.tsx' only in casing.
  The file is in the program because:
    Imported via '@/components/ui/Input' from file 'D:/desarrollos/aBDInst/instrument-collector/src/components/scraping/AlertsManager.tsx'
    Imported via './ui/Input' from file 'D:/desarrollos/aBDInst/instrument-collector/src/components/MaintenanceModal.tsx'
    Imported via '@/components/ui/Input' from file 'D:/desarrollos/aBDInst/instrument-collector/src/components/storage/GoogleDriveSetup.tsx'
    Imported via '@/components/ui/Input' from file 'D:/desarrollos/aBDInst/instrument-collector/src/components/storage/DropboxSetup.tsx'
    Imported via '@/components/ui/Input' from file 'D:/desarrollos/aBDInst/instrument-collector/src/components/storage/TeraboxSetup.tsx'
    Imported via '@/components/ui/input' from file 'D:/desarrollos/aBDInst/instrument-collector/src/components/valuation/ValuationModal.tsx'
    Imported via "./ui/Input" from file 'D:/desarrollos/aBDInst/instrument-collector/src/components/LoginForm.tsx'
    Imported via "./ui/Input" from file 'D:/desarrollos/aBDInst/instrument-collector/src/components/RegisterForm.tsx'
    Matched by include pattern '**/*.tsx' in 'D:/desarrollos/aBDInst/instrument-collector/tsconfig.json'
src/components/valuation/ValuationModal.tsx(52,17): error TS18048: 'result' is possibly 'undefined'.
src/components/valuation/ValuationModal.tsx(56,29): error TS18048: 'result' is possibly 'undefined'.
src/components/VirtualizedInstrumentGrid.tsx(3,10): error TS2305: Module '"react-window"' has no exported member 'FixedSizeGrid'.
src/components/VirtualizedInstrumentGrid.tsx(21,14): error TS2322: Type '{ children: ({ height, width }: { height: number; width: number; }) => Element; }' is not assignable to type 'IntrinsicAttributes & AutoSizerProps'.
src/scripts/add-crave.ts(63,45): error TS2339: Property 'CONTROLS' does not exist on type '{ readonly BASIC: "Informaci├│n B├ísica"; readonly WEBSITE: "Sitio Web Oficial"; readonly ARCH_VOICE: "Arquitectura y Voces"; readonly OSC: "Secci├│n de Osciladores"; readonly PERCUSSION: "Secci├│n de Percusi├│n / Voces"; ... 10 more ...; readonly TECH_SPECS: "Especificaciones T├®cnicas"; }'.
src/scripts/add-crave.ts(64,45): error TS2339: Property 'CONTROLS' does not exist on type '{ readonly BASIC: "Informaci├│n B├ísica"; readonly WEBSITE: "Sitio Web Oficial"; readonly ARCH_VOICE: "Arquitectura y Voces"; readonly OSC: "Secci├│n de Osciladores"; readonly PERCUSSION: "Secci├│n de Percusi├│n / Voces"; ... 10 more ...; readonly TECH_SPECS: "Especificaciones T├®cnicas"; }'.
src/scripts/add-crave.ts(65,45): error TS2339: Property 'CONTROLS' does not exist on type '{ readonly BASIC: "Informaci├│n B├ísica"; readonly WEBSITE: "Sitio Web Oficial"; readonly ARCH_VOICE: "Arquitectura y Voces"; readonly OSC: "Secci├│n de Osciladores"; readonly PERCUSSION: "Secci├│n de Percusi├│n / Voces"; ... 10 more ...; readonly TECH_SPECS: "Especificaciones T├®cnicas"; }'.
src/scripts/add-crave.ts(72,45): error TS2339: Property 'CONTROLS' does not exist on type '{ readonly BASIC: "Informaci├│n B├ísica"; readonly WEBSITE: "Sitio Web Oficial"; readonly ARCH_VOICE: "Arquitectura y Voces"; readonly OSC: "Secci├│n de Osciladores"; readonly PERCUSSION: "Secci├│n de Percusi├│n / Voces"; ... 10 more ...; readonly TECH_SPECS: "Especificaciones T├®cnicas"; }'.
src/scripts/add-deepmind12d.ts(70,45): error TS2339: Property 'CONTROLS' does not exist on type '{ readonly BASIC: "Informaci├│n B├ísica"; readonly WEBSITE: "Sitio Web Oficial"; readonly ARCH_VOICE: "Arquitectura y Voces"; readonly OSC: "Secci├│n de Osciladores"; readonly PERCUSSION: "Secci├│n de Percusi├│n / Voces"; ... 10 more ...; readonly TECH_SPECS: "Especificaciones T├®cnicas"; }'.
src/scripts/add-deepmind12d.ts(71,45): error TS2339: Property 'CONTROLS' does not exist on type '{ readonly BASIC: "Informaci├│n B├ísica"; readonly WEBSITE: "Sitio Web Oficial"; readonly ARCH_VOICE: "Arquitectura y Voces"; readonly OSC: "Secci├│n de Osciladores"; readonly PERCUSSION: "Secci├│n de Percusi├│n / Voces"; ... 10 more ...; readonly TECH_SPECS: "Especificaciones T├®cnicas"; }'.
src/scripts/add-deepmind12d.ts(74,45): error TS2339: Property 'CONTROLS' does not exist on type '{ readonly BASIC: "Informaci├│n B├ísica"; readonly WEBSITE: "Sitio Web Oficial"; readonly ARCH_VOICE: "Arquitectura y Voces"; readonly OSC: "Secci├│n de Osciladores"; readonly PERCUSSION: "Secci├│n de Percusi├│n / Voces"; ... 10 more ...; readonly TECH_SPECS: "Especificaciones T├®cnicas"; }'.
src/scripts/add-deepmind12d.ts(75,45): error TS2339: Property 'CONTROLS' does not exist on type '{ readonly BASIC: "Informaci├│n B├ísica"; readonly WEBSITE: "Sitio Web Oficial"; readonly ARCH_VOICE: "Arquitectura y Voces"; readonly OSC: "Secci├│n de Osciladores"; readonly PERCUSSION: "Secci├│n de Percusi├│n / Voces"; ... 10 more ...; readonly TECH_SPECS: "Especificaciones T├®cnicas"; }'.
src/scripts/add-deepmind12d.ts(76,45): error TS2339: Property 'CONTROLS' does not exist on type '{ readonly BASIC: "Informaci├│n B├ísica"; readonly WEBSITE: "Sitio Web Oficial"; readonly ARCH_VOICE: "Arquitectura y Voces"; readonly OSC: "Secci├│n de Osciladores"; readonly PERCUSSION: "Secci├│n de Percusi├│n / Voces"; ... 10 more ...; readonly TECH_SPECS: "Especificaciones T├®cnicas"; }'.
src/scripts/add-deepmind12d.ts(77,45): error TS2339: Property 'CONTROLS' does not exist on type '{ readonly BASIC: "Informaci├│n B├ísica"; readonly WEBSITE: "Sitio Web Oficial"; readonly ARCH_VOICE: "Arquitectura y Voces"; readonly OSC: "Secci├│n de Osciladores"; readonly PERCUSSION: "Secci├│n de Percusi├│n / Voces"; ... 10 more ...; readonly TECH_SPECS: "Especificaciones T├®cnicas"; }'.
src/scripts/add-deepmind12d.ts(80,45): error TS2339: Property 'CONTROLS' does not exist on type '{ readonly BASIC: "Informaci├│n B├ísica"; readonly WEBSITE: "Sitio Web Oficial"; readonly ARCH_VOICE: "Arquitectura y Voces"; readonly OSC: "Secci├│n de Osciladores"; readonly PERCUSSION: "Secci├│n de Percusi├│n / Voces"; ... 10 more ...; readonly TECH_SPECS: "Especificaciones T├®cnicas"; }'.
src/scripts/add-pro1.ts(71,45): error TS2339: Property 'CONTROLS' does not exist on type '{ readonly BASIC: "Informaci├│n B├ísica"; readonly WEBSITE: "Sitio Web Oficial"; readonly ARCH_VOICE: "Arquitectura y Voces"; readonly OSC: "Secci├│n de Osciladores"; readonly PERCUSSION: "Secci├│n de Percusi├│n / Voces"; ... 10 more ...; readonly TECH_SPECS: "Especificaciones T├®cnicas"; }'.
src/scripts/add-pro1.ts(72,45): error TS2339: Property 'CONTROLS' does not exist on type '{ readonly BASIC: "Informaci├│n B├ísica"; readonly WEBSITE: "Sitio Web Oficial"; readonly ARCH_VOICE: "Arquitectura y Voces"; readonly OSC: "Secci├│n de Osciladores"; readonly PERCUSSION: "Secci├│n de Percusi├│n / Voces"; ... 10 more ...; readonly TECH_SPECS: "Especificaciones T├®cnicas"; }'.
src/scripts/add-pro1.ts(79,45): error TS2339: Property 'CONTROLS' does not exist on type '{ readonly BASIC: "Informaci├│n B├ísica"; readonly WEBSITE: "Sitio Web Oficial"; readonly ARCH_VOICE: "Arquitectura y Voces"; readonly OSC: "Secci├│n de Osciladores"; readonly PERCUSSION: "Secci├│n de Percusi├│n / Voces"; ... 10 more ...; readonly TECH_SPECS: "Especificaciones T├®cnicas"; }'.
src/scripts/add-pro800.ts(68,45): error TS2339: Property 'CONTROLS' does not exist on type '{ readonly BASIC: "Informaci├│n B├ísica"; readonly WEBSITE: "Sitio Web Oficial"; readonly ARCH_VOICE: "Arquitectura y Voces"; readonly OSC: "Secci├│n de Osciladores"; readonly PERCUSSION: "Secci├│n de Percusi├│n / Voces"; ... 10 more ...; readonly TECH_SPECS: "Especificaciones T├®cnicas"; }'.
src/scripts/add-pro800.ts(69,45): error TS2339: Property 'CONTROLS' does not exist on type '{ readonly BASIC: "Informaci├│n B├ísica"; readonly WEBSITE: "Sitio Web Oficial"; readonly ARCH_VOICE: "Arquitectura y Voces"; readonly OSC: "Secci├│n de Osciladores"; readonly PERCUSSION: "Secci├│n de Percusi├│n / Voces"; ... 10 more ...; readonly TECH_SPECS: "Especificaciones T├®cnicas"; }'.
src/scripts/add-pro800.ts(70,45): error TS2339: Property 'CONTROLS' does not exist on type '{ readonly BASIC: "Informaci├│n B├ísica"; readonly WEBSITE: "Sitio Web Oficial"; readonly ARCH_VOICE: "Arquitectura y Voces"; readonly OSC: "Secci├│n de Osciladores"; readonly PERCUSSION: "Secci├│n de Percusi├│n / Voces"; ... 10 more ...; readonly TECH_SPECS: "Especificaciones T├®cnicas"; }'.
src/scripts/add-pro800.ts(71,45): error TS2339: Property 'CONTROLS' does not exist on type '{ readonly BASIC: "Informaci├│n B├ísica"; readonly WEBSITE: "Sitio Web Oficial"; readonly ARCH_VOICE: "Arquitectura y Voces"; readonly OSC: "Secci├│n de Osciladores"; readonly PERCUSSION: "Secci├│n de Percusi├│n / Voces"; ... 10 more ...; readonly TECH_SPECS: "Especificaciones T├®cnicas"; }'.
src/scripts/add-pro800.ts(74,45): error TS2339: Property 'CONTROLS' does not exist on type '{ readonly BASIC: "Informaci├│n B├ísica"; readonly WEBSITE: "Sitio Web Oficial"; readonly ARCH_VOICE: "Arquitectura y Voces"; readonly OSC: "Secci├│n de Osciladores"; readonly PERCUSSION: "Secci├│n de Percusi├│n / Voces"; ... 10 more ...; readonly TECH_SPECS: "Especificaciones T├®cnicas"; }'.
src/scripts/add-pro800.ts(75,45): error TS2339: Property 'CONTROLS' does not exist on type '{ readonly BASIC: "Informaci├│n B├ísica"; readonly WEBSITE: "Sitio Web Oficial"; readonly ARCH_VOICE: "Arquitectura y Voces"; readonly OSC: "Secci├│n de Osciladores"; readonly PERCUSSION: "Secci├│n de Percusi├│n / Voces"; ... 10 more ...; readonly TECH_SPECS: "Especificaciones T├®cnicas"; }'.
src/scripts/add-pro800.ts(76,45): error TS2339: Property 'CONTROLS' does not exist on type '{ readonly BASIC: "Informaci├│n B├ísica"; readonly WEBSITE: "Sitio Web Oficial"; readonly ARCH_VOICE: "Arquitectura y Voces"; readonly OSC: "Secci├│n de Osciladores"; readonly PERCUSSION: "Secci├│n de Percusi├│n / Voces"; ... 10 more ...; readonly TECH_SPECS: "Especificaciones T├®cnicas"; }'.
src/scripts/add-pro800.ts(79,45): error TS2339: Property 'CONTROLS' does not exist on type '{ readonly BASIC: "Informaci├│n B├ísica"; readonly WEBSITE: "Sitio Web Oficial"; readonly ARCH_VOICE: "Arquitectura y Voces"; readonly OSC: "Secci├│n de Osciladores"; readonly PERCUSSION: "Secci├│n de Percusi├│n / Voces"; ... 10 more ...; readonly TECH_SPECS: "Especificaciones T├®cnicas"; }'.
src/scripts/add-pro800.ts(80,45): error TS2339: Property 'CONTROLS' does not exist on type '{ readonly BASIC: "Informaci├│n B├ísica"; readonly WEBSITE: "Sitio Web Oficial"; readonly ARCH_VOICE: "Arquitectura y Voces"; readonly OSC: "Secci├│n de Osciladores"; readonly PERCUSSION: "Secci├│n de Percusi├│n / Voces"; ... 10 more ...; readonly TECH_SPECS: "Especificaciones T├®cnicas"; }'.
src/scripts/add-pro800.ts(81,45): error TS2339: Property 'CONTROLS' does not exist on type '{ readonly BASIC: "Informaci├│n B├ísica"; readonly WEBSITE: "Sitio Web Oficial"; readonly ARCH_VOICE: "Arquitectura y Voces"; readonly OSC: "Secci├│n de Osciladores"; readonly PERCUSSION: "Secci├│n de Percusi├│n / Voces"; ... 10 more ...; readonly TECH_SPECS: "Especificaciones T├®cnicas"; }'.
src/scripts/add-pro800.ts(92,45): error TS2339: Property 'CONTROLS' does not exist on type '{ readonly BASIC: "Informaci├│n B├ísica"; readonly WEBSITE: "Sitio Web Oficial"; readonly ARCH_VOICE: "Arquitectura y Voces"; readonly OSC: "Secci├│n de Osciladores"; readonly PERCUSSION: "Secci├│n de Percusi├│n / Voces"; ... 10 more ...; readonly TECH_SPECS: "Especificaciones T├®cnicas"; }'.
src/scripts/add-pro800.ts(93,45): error TS2339: Property 'CONTROLS' does not exist on type '{ readonly BASIC: "Informaci├│n B├ísica"; readonly WEBSITE: "Sitio Web Oficial"; readonly ARCH_VOICE: "Arquitectura y Voces"; readonly OSC: "Secci├│n de Osciladores"; readonly PERCUSSION: "Secci├│n de Percusi├│n / Voces"; ... 10 more ...; readonly TECH_SPECS: "Especificaciones T├®cnicas"; }'.
src/scripts/add-td3mo.ts(62,45): error TS2339: Property 'CONTROLS' does not exist on type '{ readonly BASIC: "Informaci├│n B├ísica"; readonly WEBSITE: "Sitio Web Oficial"; readonly ARCH_VOICE: "Arquitectura y Voces"; readonly OSC: "Secci├│n de Osciladores"; readonly PERCUSSION: "Secci├│n de Percusi├│n / Voces"; ... 10 more ...; readonly TECH_SPECS: "Especificaciones T├®cnicas"; }'.
src/scripts/add-td3mo.ts(63,45): error TS2339: Property 'CONTROLS' does not exist on type '{ readonly BASIC: "Informaci├│n B├ísica"; readonly WEBSITE: "Sitio Web Oficial"; readonly ARCH_VOICE: "Arquitectura y Voces"; readonly OSC: "Secci├│n de Osciladores"; readonly PERCUSSION: "Secci├│n de Percusi├│n / Voces"; ... 10 more ...; readonly TECH_SPECS: "Especificaciones T├®cnicas"; }'.
src/scripts/add-td3mo.ts(66,45): error TS2339: Property 'CONTROLS' does not exist on type '{ readonly BASIC: "Informaci├│n B├ísica"; readonly WEBSITE: "Sitio Web Oficial"; readonly ARCH_VOICE: "Arquitectura y Voces"; readonly OSC: "Secci├│n de Osciladores"; readonly PERCUSSION: "Secci├│n de Percusi├│n / Voces"; ... 10 more ...; readonly TECH_SPECS: "Especificaciones T├®cnicas"; }'.
src/scripts/add-td3mo.ts(67,45): error TS2339: Property 'CONTROLS' does not exist on type '{ readonly BASIC: "Informaci├│n B├ísica"; readonly WEBSITE: "Sitio Web Oficial"; readonly ARCH_VOICE: "Arquitectura y Voces"; readonly OSC: "Secci├│n de Osciladores"; readonly PERCUSSION: "Secci├│n de Percusi├│n / Voces"; ... 10 more ...; readonly TECH_SPECS: "Especificaciones T├®cnicas"; }'.
src/scripts/add-td3mo.ts(68,45): error TS2339: Property 'CONTROLS' does not exist on type '{ readonly BASIC: "Informaci├│n B├ísica"; readonly WEBSITE: "Sitio Web Oficial"; readonly ARCH_VOICE: "Arquitectura y Voces"; readonly OSC: "Secci├│n de Osciladores"; readonly PERCUSSION: "Secci├│n de Percusi├│n / Voces"; ... 10 more ...; readonly TECH_SPECS: "Especificaciones T├®cnicas"; }'.
src/scripts/add-td3mo.ts(75,45): error TS2339: Property 'CONTROLS' does not exist on type '{ readonly BASIC: "Informaci├│n B├ísica"; readonly WEBSITE: "Sitio Web Oficial"; readonly ARCH_VOICE: "Arquitectura y Voces"; readonly OSC: "Secci├│n de Osciladores"; readonly PERCUSSION: "Secci├│n de Percusi├│n / Voces"; ... 10 more ...; readonly TECH_SPECS: "Especificaciones T├®cnicas"; }'.
